<?xml version="1.0" encoding="UTF-8"?>
<!-- Generated by org.testng.reporters.JUnitReportReporter -->
<testsuite hostname="LAPTOP-7E9GFJ90" failures="0" tests="1" name="Script.Script1" time="9.771" errors="0" timestamp="2023-04-04T10:55:53 IST" skipped="0">
  <testcase classname="Script.Script1" name="TestCreative" time="9.771"/>
  <system-out/>
</testsuite> <!-- Script.Script1 -->
